<?xml version="1.0" encoding="UTF-8"?>
<!-- Generated by org.testng.reporters.JUnitReportReporter -->
<testsuite hostname="htsr-spare-7480-WVF2" failures="0" tests="1" name="Runner.TestRunner" time="11.852" errors="0" timestamp="2023-12-11T18:43:32 MST" skipped="0">
  <testcase classname="Runner.TestRunner" name="runScenario" time="11.852"/>
  <system-out/>
</testsuite> <!-- Runner.TestRunner -->
