<?xml version="1.0" encoding="UTF-8"?>
<!-- Generated by org.testng.reporters.JUnitReportReporter -->
<testsuite hostname="deepika-evo" failures="0" tests="2" name="Runner.TestRunner" time="11.790" errors="0" timestamp="2023-12-12T10:33:26 EST" skipped="0">
  <testcase classname="Runner.TestRunner" name="runScenario" time="5.616"/>
  <system-out/>
  <testcase classname="Runner.TestRunner" name="runScenario" time="6.174"/>
  <system-out/>
</testsuite> <!-- Runner.TestRunner -->
