<?xml version="1.0" encoding="UTF-8"?>
<!-- Generated by org.testng.reporters.JUnitReportReporter -->
<<<<<<< HEAD
<testsuite hostname="htsr-spare-7480-WVF2" failures="0" tests="1" name="Runner.TestRunner" time="11.852" errors="0" timestamp="2023-12-11T18:43:32 MST" skipped="0">
  <testcase classname="Runner.TestRunner" name="runScenario" time="11.852"/>
=======
<testsuite hostname="deepika-evo" failures="0" tests="2" name="Runner.TestRunner" time="11.790" errors="0" timestamp="2023-12-12T10:33:26 EST" skipped="0">
  <testcase classname="Runner.TestRunner" name="runScenario" time="5.616"/>
  <system-out/>
  <testcase classname="Runner.TestRunner" name="runScenario" time="6.174"/>
>>>>>>> 2c2c776abb24a17fa7a825d622f27f5d6a1f519c
  <system-out/>
</testsuite> <!-- Runner.TestRunner -->
