<?xml version="1.0" encoding="UTF-8"?>
<!-- Generated by org.testng.reporters.JUnitReportReporter -->
<testsuite hostname="deepika-evo" failures="0" tests="2" name="Runner.TestRunner" time="11.945" errors="0" timestamp="2023-12-11T22:59:55 EST" skipped="0">
  <testcase classname="Runner.TestRunner" name="runScenario" time="4.892"/>
  <system-out/>
  <testcase classname="Runner.TestRunner" name="runScenario" time="7.053"/>
  <system-out/>
</testsuite> <!-- Runner.TestRunner -->
