<?xml version="1.0" encoding="UTF-8"?>
<!-- Generated by org.testng.reporters.JUnitReportReporter -->
<testsuite hostname="deepika-evo" failures="0" tests="2" name="Runner.TestRunner" time="10.670" errors="0" timestamp="2023-12-11T23:11:10 EST" skipped="0">
  <testcase classname="Runner.TestRunner" name="runScenario" time="4.877"/>
  <system-out/>
  <testcase classname="Runner.TestRunner" name="runScenario" time="5.793"/>
  <system-out/>
</testsuite> <!-- Runner.TestRunner -->
